kotlin version: 2.0.21
error message: org.jetbrains.kotlin.backend.common.BackendException: Backend Internal error: Exception during IR lowering
File being compiled: /Users/gmfrontier/Desktop/Proyectos/AS/Bistrosoft/core/src/main/java/com/frommetoyou/core/util/AutoSizeText.kt
The root cause java.lang.RuntimeException was thrown at: org.jetbrains.kotlin.backend.jvm.codegen.FunctionCodegen.generate(FunctionCodegen.kt:47)
	at org.jetbrains.kotlin.backend.common.CodegenUtil.reportBackendException(CodegenUtil.kt:253)
	at org.jetbrains.kotlin.backend.common.CodegenUtil.reportBackendException$default(CodegenUtil.kt:236)
	at org.jetbrains.kotlin.backend.common.phaser.PerformByIrFilePhase.invokeSequential(performByIrFile.kt:65)
	at org.jetbrains.kotlin.backend.common.phaser.PerformByIrFilePhase.invoke(performByIrFile.kt:52)
	at org.jetbrains.kotlin.backend.common.phaser.PerformByIrFilePhase.invoke(performByIrFile.kt:38)
	at org.jetbrains.kotlin.backend.common.phaser.NamedCompilerPhase.phaseBody(CompilerPhase.kt:166)
	at org.jetbrains.kotlin.backend.common.phaser.AbstractNamedCompilerPhase.invoke(CompilerPhase.kt:113)
	at org.jetbrains.kotlin.backend.common.phaser.CompositePhase.invoke(PhaseBuilders.kt:27)
	at org.jetbrains.kotlin.backend.common.phaser.CompositePhase.invoke(PhaseBuilders.kt:14)
	at org.jetbrains.kotlin.backend.common.phaser.NamedCompilerPhase.phaseBody(CompilerPhase.kt:166)
	at org.jetbrains.kotlin.backend.common.phaser.AbstractNamedCompilerPhase.invoke(CompilerPhase.kt:113)
	at org.jetbrains.kotlin.backend.common.phaser.CompilerPhaseKt.invokeToplevel(CompilerPhase.kt:62)
	at org.jetbrains.kotlin.backend.jvm.JvmIrCodegenFactory.invokeCodegen(JvmIrCodegenFactory.kt:371)
	at org.jetbrains.kotlin.codegen.CodegenFactory.generateModule(CodegenFactory.kt:47)
	at org.jetbrains.kotlin.backend.jvm.JvmIrCodegenFactory.generateModuleInFrontendIRMode(JvmIrCodegenFactory.kt:433)
	at org.jetbrains.kotlin.cli.jvm.compiler.pipeline.JvmCompilerPipelineKt.generateCodeFromIr(jvmCompilerPipeline.kt:246)
	at org.jetbrains.kotlin.cli.jvm.compiler.pipeline.JvmCompilerPipelineKt.compileModulesUsingFrontendIrAndLightTree(jvmCompilerPipeline.kt:142)
	at org.jetbrains.kotlin.cli.jvm.K2JVMCompiler.doExecute(K2JVMCompiler.kt:148)
	at org.jetbrains.kotlin.cli.jvm.K2JVMCompiler.doExecute(K2JVMCompiler.kt:43)
	at org.jetbrains.kotlin.cli.common.CLICompiler.execImpl(CLICompiler.kt:103)
	at org.jetbrains.kotlin.cli.common.CLICompiler.execImpl(CLICompiler.kt:49)
	at org.jetbrains.kotlin.cli.common.CLITool.exec(CLITool.kt:101)
	at org.jetbrains.kotlin.incremental.IncrementalJvmCompilerRunner.runCompiler(IncrementalJvmCompilerRunner.kt:464)
	at org.jetbrains.kotlin.incremental.IncrementalJvmCompilerRunner.runCompiler(IncrementalJvmCompilerRunner.kt:73)
	at org.jetbrains.kotlin.incremental.IncrementalCompilerRunner.doCompile(IncrementalCompilerRunner.kt:506)
	at org.jetbrains.kotlin.incremental.IncrementalCompilerRunner.compileImpl(IncrementalCompilerRunner.kt:423)
	at org.jetbrains.kotlin.incremental.IncrementalCompilerRunner.compileNonIncrementally(IncrementalCompilerRunner.kt:301)
	at org.jetbrains.kotlin.incremental.IncrementalCompilerRunner.compile(IncrementalCompilerRunner.kt:129)
	at org.jetbrains.kotlin.daemon.CompileServiceImplBase.execIncrementalCompiler(CompileServiceImpl.kt:675)
	at org.jetbrains.kotlin.daemon.CompileServiceImplBase.access$execIncrementalCompiler(CompileServiceImpl.kt:92)
	at org.jetbrains.kotlin.daemon.CompileServiceImpl.compile(CompileServiceImpl.kt:1660)
	at java.base/jdk.internal.reflect.DirectMethodHandleAccessor.invoke(Unknown Source)
	at java.base/java.lang.reflect.Method.invoke(Unknown Source)
	at java.rmi/sun.rmi.server.UnicastServerRef.dispatch(Unknown Source)
	at java.rmi/sun.rmi.transport.Transport$1.run(Unknown Source)
	at java.rmi/sun.rmi.transport.Transport$1.run(Unknown Source)
	at java.base/java.security.AccessController.doPrivileged(Unknown Source)
	at java.rmi/sun.rmi.transport.Transport.serviceCall(Unknown Source)
	at java.rmi/sun.rmi.transport.tcp.TCPTransport.handleMessages(Unknown Source)
	at java.rmi/sun.rmi.transport.tcp.TCPTransport$ConnectionHandler.run0(Unknown Source)
	at java.rmi/sun.rmi.transport.tcp.TCPTransport$ConnectionHandler.lambda$run$0(Unknown Source)
	at java.base/java.security.AccessController.doPrivileged(Unknown Source)
	at java.rmi/sun.rmi.transport.tcp.TCPTransport$ConnectionHandler.run(Unknown Source)
	at java.base/java.util.concurrent.ThreadPoolExecutor.runWorker(Unknown Source)
	at java.base/java.util.concurrent.ThreadPoolExecutor$Worker.run(Unknown Source)
	at java.base/java.lang.Thread.run(Unknown Source)
Caused by: java.lang.RuntimeException: Exception while generating code for:
FUN FUNCTION_FOR_DEFAULT_PARAMETER name:AutoSizeText-XFPS4yU$default visibility:public modality:FINAL <> (text:kotlin.String, modifier:androidx.compose.ui.Modifier?, color:androidx.compose.ui.graphics.Color, suggestedFontSizes:kotlin.collections.List<androidx.compose.ui.unit.TextUnit>?, suggestedFontSizesStatus:com.frommetoyou.core.util.SuggestedFontSizesStatus?, stepGranularityTextSize:androidx.compose.ui.unit.TextUnit, minTextSize:androidx.compose.ui.unit.TextUnit, maxTextSize:androidx.compose.ui.unit.TextUnit, fontStyle:androidx.compose.ui.text.font.FontStyle?, fontWeight:androidx.compose.ui.text.font.FontWeight?, fontFamily:androidx.compose.ui.text.font.FontFamily?, letterSpacing:androidx.compose.ui.unit.TextUnit, textDecoration:androidx.compose.ui.text.style.TextDecoration?, alignment:androidx.compose.ui.Alignment?, overflow:androidx.compose.ui.text.style.TextOverflow, softWrap:kotlin.Boolean, maxLines:kotlin.Int, minLines:kotlin.Int, onTextLayout:kotlin.Function1<androidx.compose.ui.text.TextLayoutResult, kotlin.Unit>?, style:androidx.compose.ui.text.TextStyle?, lineSpaceRatio:kotlin.Float, $mask0:kotlin.Int, $handler:kotlin.Any?) returnType:kotlin.Unit
  annotations:
    Composable
  VALUE_PARAMETER name:text index:0 type:kotlin.String
  VALUE_PARAMETER name:modifier index:1 type:androidx.compose.ui.Modifier? [assignable]
    EXPRESSION_BODY
      ERROR_EXPR 'Default Stub' type=androidx.compose.ui.Modifier
  VALUE_PARAMETER name:color index:2 type:androidx.compose.ui.graphics.Color [assignable]
    EXPRESSION_BODY
      ERROR_EXPR 'Default Stub' type=androidx.compose.ui.graphics.Color
  VALUE_PARAMETER name:suggestedFontSizes index:3 type:kotlin.collections.List<androidx.compose.ui.unit.TextUnit>? [assignable]
    EXPRESSION_BODY
      ERROR_EXPR 'Default Stub' type=kotlin.collections.List<androidx.compose.ui.unit.TextUnit>
  VALUE_PARAMETER name:suggestedFontSizesStatus index:4 type:com.frommetoyou.core.util.SuggestedFontSizesStatus? [assignable]
    EXPRESSION_BODY
      ERROR_EXPR 'Default Stub' type=com.frommetoyou.core.util.SuggestedFontSizesStatus
  VALUE_PARAMETER name:stepGranularityTextSize index:5 type:androidx.compose.ui.unit.TextUnit [assignable]
    EXPRESSION_BODY
      ERROR_EXPR 'Default Stub' type=androidx.compose.ui.unit.TextUnit
  VALUE_PARAMETER name:minTextSize index:6 type:androidx.compose.ui.unit.TextUnit [assignable]
    EXPRESSION_BODY
      ERROR_EXPR 'Default Stub' type=androidx.compose.ui.unit.TextUnit
  VALUE_PARAMETER name:maxTextSize index:7 type:androidx.compose.ui.unit.TextUnit [assignable]
    EXPRESSION_BODY
      ERROR_EXPR 'Default Stub' type=androidx.compose.ui.unit.TextUnit
  VALUE_PARAMETER name:fontStyle index:8 type:androidx.compose.ui.text.font.FontStyle? [assignable]
    EXPRESSION_BODY
      ERROR_EXPR 'Default Stub' type=androidx.compose.ui.text.font.FontStyle?
  VALUE_PARAMETER name:fontWeight index:9 type:androidx.compose.ui.text.font.FontWeight? [assignable]
    EXPRESSION_BODY
      ERROR_EXPR 'Default Stub' type=androidx.compose.ui.text.font.FontWeight?
  VALUE_PARAMETER name:fontFamily index:10 type:androidx.compose.ui.text.font.FontFamily? [assignable]
    EXPRESSION_BODY
      ERROR_EXPR 'Default Stub' type=androidx.compose.ui.text.font.FontFamily?
  VALUE_PARAMETER name:letterSpacing index:11 type:androidx.compose.ui.unit.TextUnit [assignable]
    EXPRESSION_BODY
      ERROR_EXPR 'Default Stub' type=androidx.compose.ui.unit.TextUnit
  VALUE_PARAMETER name:textDecoration index:12 type:androidx.compose.ui.text.style.TextDecoration? [assignable]
    EXPRESSION_BODY
      ERROR_EXPR 'Default Stub' type=androidx.compose.ui.text.style.TextDecoration?
  VALUE_PARAMETER name:alignment index:13 type:androidx.compose.ui.Alignment? [assignable]
    EXPRESSION_BODY
      ERROR_EXPR 'Default Stub' type=androidx.compose.ui.Alignment
  VALUE_PARAMETER name:overflow index:14 type:androidx.compose.ui.text.style.TextOverflow [assignable]
    EXPRESSION_BODY
      ERROR_EXPR 'Default Stub' type=androidx.compose.ui.text.style.TextOverflow
  VALUE_PARAMETER name:softWrap index:15 type:kotlin.Boolean [assignable]
    EXPRESSION_BODY
      ERROR_EXPR 'Default Stub' type=kotlin.Boolean
  VALUE_PARAMETER name:maxLines index:16 type:kotlin.Int [assignable]
    EXPRESSION_BODY
      ERROR_EXPR 'Default Stub' type=kotlin.Int
  VALUE_PARAMETER name:minLines index:17 type:kotlin.Int [assignable]
    EXPRESSION_BODY
      ERROR_EXPR 'Default Stub' type=kotlin.Int
  VALUE_PARAMETER name:onTextLayout index:18 type:kotlin.Function1<androidx.compose.ui.text.TextLayoutResult, kotlin.Unit>? [assignable]
    EXPRESSION_BODY
      ERROR_EXPR 'Default Stub' type=kotlin.Function1<androidx.compose.ui.text.TextLayoutResult, kotlin.Unit>
  VALUE_PARAMETER name:style index:19 type:androidx.compose.ui.text.TextStyle? [assignable]
    EXPRESSION_BODY
      ERROR_EXPR 'Default Stub' type=androidx.compose.ui.text.TextStyle
  VALUE_PARAMETER name:lineSpaceRatio index:20 type:kotlin.Float [assignable]
    EXPRESSION_BODY
      ERROR_EXPR 'Default Stub' type=kotlin.Float
  VALUE_PARAMETER MASK_FOR_DEFAULT_FUNCTION name:$mask0 index:21 type:kotlin.Int
  VALUE_PARAMETER METHOD_HANDLER_IN_DEFAULT_FUNCTION name:$handler index:22 type:kotlin.Any?
  BLOCK_BODY
    WHEN type=kotlin.Unit origin=null
      BRANCH
        if: CALL 'public final fun not (): kotlin.Boolean [operator] declared in kotlin.Boolean' type=kotlin.Boolean origin=EXCLEQ
          $this: CALL 'public final fun EQEQ (arg0: kotlin.Any?, arg1: kotlin.Any?): kotlin.Boolean declared in kotlin.internal.ir' type=kotlin.Boolean origin=EXCLEQ
            arg0: CALL 'public final fun and (other: kotlin.Int): kotlin.Int [infix] declared in kotlin.Int' type=kotlin.Int origin=null
              $this: GET_VAR '$mask0: kotlin.Int declared in com.frommetoyou.core.util.AutoSizeTextKt.AutoSizeText-XFPS4yU$default' type=kotlin.Int origin=null
              other: CONST Int type=kotlin.Int value=2
            arg1: CONST Int type=kotlin.Int value=0
        then: SET_VAR 'modifier: androidx.compose.ui.Modifier? [assignable] declared in com.frommetoyou.core.util.AutoSizeTextKt.AutoSizeText-XFPS4yU$default' type=kotlin.Unit origin=EQ
          GET_FIELD 'FIELD FIELD_FOR_OBJECT_INSTANCE name:Companion type:androidx.compose.ui.Modifier.Companion visibility:public [final,static] declared in androidx.compose.ui.Modifier' type=androidx.compose.ui.Modifier.Companion origin=null
    WHEN type=kotlin.Unit origin=null
      BRANCH
        if: CALL 'public final fun not (): kotlin.Boolean [operator] declared in kotlin.Boolean' type=kotlin.Boolean origin=EXCLEQ
          $this: CALL 'public final fun EQEQ (arg0: kotlin.Any?, arg1: kotlin.Any?): kotlin.Boolean declared in kotlin.internal.ir' type=kotlin.Boolean origin=EXCLEQ
            arg0: CALL 'public final fun and (other: kotlin.Int): kotlin.Int [infix] declared in kotlin.Int' type=kotlin.Int origin=null
              $this: GET_VAR '$mask0: kotlin.Int declared in com.frommetoyou.core.util.AutoSizeTextKt.AutoSizeText-XFPS4yU$default' type=kotlin.Int origin=null
              other: CONST Int type=kotlin.Int value=4
            arg1: CONST Int type=kotlin.Int value=0
        then: SET_VAR 'color: androidx.compose.ui.graphics.Color [assignable] declared in com.frommetoyou.core.util.AutoSizeTextKt.AutoSizeText-XFPS4yU$default' type=kotlin.Unit origin=EQ
          CALL 'public final fun getUnspecified-0d7_KjU (): androidx.compose.ui.graphics.Color declared in androidx.compose.ui.graphics.Color.Companion' type=androidx.compose.ui.graphics.Color origin=GET_PROPERTY
            $this: GET_FIELD 'FIELD FIELD_FOR_OBJECT_INSTANCE name:Companion type:androidx.compose.ui.graphics.Color.Companion visibility:public [final,static] declared in androidx.compose.ui.graphics.Color' type=androidx.compose.ui.graphics.Color.Companion origin=null
    WHEN type=kotlin.Unit origin=null
      BRANCH
        if: CALL 'public final fun not (): kotlin.Boolean [operator] declared in kotlin.Boolean' type=kotlin.Boolean origin=EXCLEQ
          $this: CALL 'public final fun EQEQ (arg0: kotlin.Any?, arg1: kotlin.Any?): kotlin.Boolean declared in kotlin.internal.ir' type=kotlin.Boolean origin=EXCLEQ
            arg0: CALL 'public final fun and (other: kotlin.Int): kotlin.Int [infix] declared in kotlin.Int' type=kotlin.Int origin=null
              $this: GET_VAR '$mask0: kotlin.Int declared in com.frommetoyou.core.util.AutoSizeTextKt.AutoSizeText-XFPS4yU$default' type=kotlin.Int origin=null
              other: CONST Int type=kotlin.Int value=8
            arg1: CONST Int type=kotlin.Int value=0
        then: SET_VAR 'suggestedFontSizes: kotlin.collections.List<androidx.compose.ui.unit.TextUnit>? [assignable] declared in com.frommetoyou.core.util.AutoSizeTextKt.AutoSizeText-XFPS4yU$default' type=kotlin.Unit origin=EQ
          CALL 'public final fun emptyList <T> (): kotlin.collections.List<T of kotlin.collections.CollectionsKt.emptyList> declared in kotlin.collections.CollectionsKt' type=kotlin.collections.List<androidx.compose.ui.unit.TextUnit> origin=null
            <T>: androidx.compose.ui.unit.TextUnit
    WHEN type=kotlin.Unit origin=null
      BRANCH
        if: CALL 'public final fun not (): kotlin.Boolean [operator] declared in kotlin.Boolean' type=kotlin.Boolean origin=EXCLEQ
          $this: CALL 'public final fun EQEQ (arg0: kotlin.Any?, arg1: kotlin.Any?): kotlin.Boolean declared in kotlin.internal.ir' type=kotlin.Boolean origin=EXCLEQ
            arg0: CALL 'public final fun and (other: kotlin.Int): kotlin.Int [infix] declared in kotlin.Int' type=kotlin.Int origin=null
              $this: GET_VAR '$mask0: kotlin.Int declared in com.frommetoyou.core.util.AutoSizeTextKt.AutoSizeText-XFPS4yU$default' type=kotlin.Int origin=null
              other: CONST Int type=kotlin.Int value=16
            arg1: CONST Int type=kotlin.Int value=0
        then: SET_VAR 'suggestedFontSizesStatus: com.frommetoyou.core.util.SuggestedFontSizesStatus? [assignable] declared in com.frommetoyou.core.util.AutoSizeTextKt.AutoSizeText-XFPS4yU$default' type=kotlin.Unit origin=EQ
          GET_FIELD 'FIELD FIELD_FOR_ENUM_ENTRY name:UNKNOWN type:com.frommetoyou.core.util.SuggestedFontSizesStatus visibility:public [final,static] declared in com.frommetoyou.core.util.SuggestedFontSizesStatus' type=com.frommetoyou.core.util.SuggestedFontSizesStatus origin=null
    WHEN type=kotlin.Unit origin=null
      BRANCH
        if: CALL 'public final fun not (): kotlin.Boolean [operator] declared in kotlin.Boolean' type=kotlin.Boolean origin=EXCLEQ
          $this: CALL 'public final fun EQEQ (arg0: kotlin.Any?, arg1: kotlin.Any?): kotlin.Boolean declared in kotlin.internal.ir' type=kotlin.Boolean origin=EXCLEQ
            arg0: CALL 'public final fun and (other: kotlin.Int): kotlin.Int [infix] declared in kotlin.Int' type=kotlin.Int origin=null
              $this: GET_VAR '$mask0: kotlin.Int declared in com.frommetoyou.core.util.AutoSizeTextKt.AutoSizeText-XFPS4yU$default' type=kotlin.Int origin=null
              other: CONST Int type=kotlin.Int value=32
            arg1: CONST Int type=kotlin.Int value=0
        then: SET_VAR 'stepGranularityTextSize: androidx.compose.ui.unit.TextUnit [assignable] declared in com.frommetoyou.core.util.AutoSizeTextKt.AutoSizeText-XFPS4yU$default' type=kotlin.Unit origin=EQ
          CALL 'public final fun getUnspecified-XSAIIZE (): androidx.compose.ui.unit.TextUnit declared in androidx.compose.ui.unit.TextUnit.Companion' type=androidx.compose.ui.unit.TextUnit origin=GET_PROPERTY
            $this: GET_FIELD 'FIELD FIELD_FOR_OBJECT_INSTANCE name:Companion type:androidx.compose.ui.unit.TextUnit.Companion visibility:public [final,static] declared in androidx.compose.ui.unit.TextUnit' type=androidx.compose.ui.unit.TextUnit.Companion origin=null
    WHEN type=kotlin.Unit origin=null
      BRANCH
        if: CALL 'public final fun not (): kotlin.Boolean [operator] declared in kotlin.Boolean' type=kotlin.Boolean origin=EXCLEQ
          $this: CALL 'public final fun EQEQ (arg0: kotlin.Any?, arg1: kotlin.Any?): kotlin.Boolean declared in kotlin.internal.ir' type=kotlin.Boolean origin=EXCLEQ
            arg0: CALL 'public final fun and (other: kotlin.Int): kotlin.Int [infix] declared in kotlin.Int' type=kotlin.Int origin=null
              $this: GET_VAR '$mask0: kotlin.Int declared in com.frommetoyou.core.util.AutoSizeTextKt.AutoSizeText-XFPS4yU$default' type=kotlin.Int origin=null
              other: CONST Int type=kotlin.Int value=64
            arg1: CONST Int type=kotlin.Int value=0
        then: SET_VAR 'minTextSize: androidx.compose.ui.unit.TextUnit [assignable] declared in com.frommetoyou.core.util.AutoSizeTextKt.AutoSizeText-XFPS4yU$default' type=kotlin.Unit origin=EQ
          CALL 'public final fun getUnspecified-XSAIIZE (): androidx.compose.ui.unit.TextUnit declared in androidx.compose.ui.unit.TextUnit.Companion' type=androidx.compose.ui.unit.TextUnit origin=GET_PROPERTY
            $this: GET_FIELD 'FIELD FIELD_FOR_OBJECT_INSTANCE name:Companion type:androidx.compose.ui.unit.TextUnit.Companion visibility:public [final,static] declared in androidx.compose.ui.unit.TextUnit' type=androidx.compose.ui.unit.TextUnit.Companion origin=null
    WHEN type=kotlin.Unit origin=null
      BRANCH
        if: CALL 'public final fun not (): kotlin.Boolean [operator] declared in kotlin.Boolean' type=kotlin.Boolean origin=EXCLEQ
          $this: CALL 'public final fun EQEQ (arg0: kotlin.Any?, arg1: kotlin.Any?): kotlin.Boolean declared in kotlin.internal.ir' type=kotlin.Boolean origin=EXCLEQ
            arg0: CALL 'public final fun and (other: kotlin.Int): kotlin.Int [infix] declared in kotlin.Int' type=kotlin.Int origin=null
              $this: GET_VAR '$mask0: kotlin.Int declared in com.frommetoyou.core.util.AutoSizeTextKt.AutoSizeText-XFPS4yU$default' type=kotlin.Int origin=null
              other: CONST Int type=kotlin.Int value=128
            arg1: CONST Int type=kotlin.Int value=0
        then: SET_VAR 'maxTextSize: androidx.compose.ui.unit.TextUnit [assignable] declared in com.frommetoyou.core.util.AutoSizeTextKt.AutoSizeText-XFPS4yU$default' type=kotlin.Unit origin=EQ
          CALL 'public final fun getUnspecified-XSAIIZE (): androidx.compose.ui.unit.TextUnit declared in androidx.compose.ui.unit.TextUnit.Companion' type=androidx.compose.ui.unit.TextUnit origin=GET_PROPERTY
            $this: GET_FIELD 'FIELD FIELD_FOR_OBJECT_INSTANCE name:Companion type:androidx.compose.ui.unit.TextUnit.Companion visibility:public [final,static] declared in androidx.compose.ui.unit.TextUnit' type=androidx.compose.ui.unit.TextUnit.Companion origin=null
    WHEN type=kotlin.Unit origin=null
      BRANCH
        if: CALL 'public final fun not (): kotlin.Boolean [operator] declared in kotlin.Boolean' type=kotlin.Boolean origin=EXCLEQ
          $this: CALL 'public final fun EQEQ (arg0: kotlin.Any?, arg1: kotlin.Any?): kotlin.Boolean declared in kotlin.internal.ir' type=kotlin.Boolean origin=EXCLEQ
            arg0: CALL 'public final fun and (other: kotlin.Int): kotlin.Int [infix] declared in kotlin.Int' type=kotlin.Int origin=null
              $this: GET_VAR '$mask0: kotlin.Int declared in com.frommetoyou.core.util.AutoSizeTextKt.AutoSizeText-XFPS4yU$default' type=kotlin.Int origin=null
              other: CONST Int type=kotlin.Int value=256
            arg1: CONST Int type=kotlin.Int value=0
        then: SET_VAR 'fontStyle: androidx.compose.ui.text.font.FontStyle? [assignable] declared in com.frommetoyou.core.util.AutoSizeTextKt.AutoSizeText-XFPS4yU$default' type=kotlin.Unit origin=EQ
          CONST Null type=kotlin.Nothing? value=null
    WHEN type=kotlin.Unit origin=null
      BRANCH
        if: CALL 'public final fun not (): kotlin.Boolean [operator] declared in kotlin.Boolean' type=kotlin.Boolean origin=EXCLEQ
          $this: CALL 'public final fun EQEQ (arg0: kotlin.Any?, arg1: kotlin.Any?): kotlin.Boolean declared in kotlin.internal.ir' type=kotlin.Boolean origin=EXCLEQ
            arg0: CALL 'public final fun and (other: kotlin.Int): kotlin.Int [infix] declared in kotlin.Int' type=kotlin.Int origin=null
              $this: GET_VAR '$mask0: kotlin.Int declared in com.frommetoyou.core.util.AutoSizeTextKt.AutoSizeText-XFPS4yU$default' type=kotlin.Int origin=null
              other: CONST Int type=kotlin.Int value=512
            arg1: CONST Int type=kotlin.Int value=0
        then: SET_VAR 'fontWeight: androidx.compose.ui.text.font.FontWeight? [assignable] declared in com.frommetoyou.core.util.AutoSizeTextKt.AutoSizeText-XFPS4yU$default' type=kotlin.Unit origin=EQ
          CONST Null type=kotlin.Nothing? value=null
    WHEN type=kotlin.Unit origin=null
      BRANCH
        if: CALL 'public final fun not (): kotlin.Boolean [operator] declared in kotlin.Boolean' type=kotlin.Boolean origin=EXCLEQ
          $this: CALL 'public final fun EQEQ (arg0: kotlin.Any?, arg1: kotlin.Any?): kotlin.Boolean declared in kotlin.internal.ir' type=kotlin.Boolean origin=EXCLEQ
            arg0: CALL 'public final fun and (other: kotlin.Int): kotlin.Int [infix] declared in kotlin.Int' type=kotlin.Int origin=null
              $this: GET_VAR '$mask0: kotlin.Int declared in com.frommetoyou.core.util.AutoSizeTextKt.AutoSizeText-XFPS4yU$default' type=kotlin.Int origin=null
              other: CONST Int type=kotlin.Int value=1024
            arg1: CONST Int type=kotlin.Int value=0
        then: SET_VAR 'fontFamily: androidx.compose.ui.text.font.FontFamily? [assignable] declared in com.frommetoyou.core.util.AutoSizeTextKt.AutoSizeText-XFPS4yU$default' type=kotlin.Unit origin=EQ
          CONST Null type=kotlin.Nothing? value=null
    WHEN type=kotlin.Unit origin=null
      BRANCH
        if: CALL 'public final fun not (): kotlin.Boolean [operator] declared in kotlin.Boolean' type=kotlin.Boolean origin=EXCLEQ
          $this: CALL 'public final fun EQEQ (arg0: kotlin.Any?, arg1: kotlin.Any?): kotlin.Boolean declared in kotlin.internal.ir' type=kotlin.Boolean origin=EXCLEQ
            arg0: CALL 'public final fun and (other: kotlin.Int): kotlin.Int [infix] declared in kotlin.Int' type=kotlin.Int origin=null
              $this: GET_VAR '$mask0: kotlin.Int declared in com.frommetoyou.core.util.AutoSizeTextKt.AutoSizeText-XFPS4yU$default' type=kotlin.Int origin=null
              other: CONST Int type=kotlin.Int value=2048
            arg1: CONST Int type=kotlin.Int value=0
        then: SET_VAR 'letterSpacing: androidx.compose.ui.unit.TextUnit [assignable] declared in com.frommetoyou.core.util.AutoSizeTextKt.AutoSizeText-XFPS4yU$default' type=kotlin.Unit origin=EQ
          CALL 'public final fun getUnspecified-XSAIIZE (): androidx.compose.ui.unit.TextUnit declared in androidx.compose.ui.unit.TextUnit.Companion' type=androidx.compose.ui.unit.TextUnit origin=GET_PROPERTY
            $this: GET_FIELD 'FIELD FIELD_FOR_OBJECT_INSTANCE name:Companion type:androidx.compose.ui.unit.TextUnit.Companion visibility:public [final,static] declared in androidx.compose.ui.unit.TextUnit' type=androidx.compose.ui.unit.TextUnit.Companion origin=null
    WHEN type=kotlin.Unit origin=null
      BRANCH
        if: CALL 'public final fun not (): kotlin.Boolean [operator] declared in kotlin.Boolean' type=kotlin.Boolean origin=EXCLEQ
          $this: CALL 'public final fun EQEQ (arg0: kotlin.Any?, arg1: kotlin.Any?): kotlin.Boolean declared in kotlin.internal.ir' type=kotlin.Boolean origin=EXCLEQ
            arg0: CALL 'public final fun and (other: kotlin.Int): kotlin.Int [infix] declared in kotlin.Int' type=kotlin.Int origin=null
              $this: GET_VAR '$mask0: kotlin.Int declared in com.frommetoyou.core.util.AutoSizeTextKt.AutoSizeText-XFPS4yU$default' type=kotlin.Int origin=null
              other: CONST Int type=kotlin.Int value=4096
            arg1: CONST Int type=kotlin.Int value=0
        then: SET_VAR 'textDecoration: androidx.compose.ui.text.style.TextDecoration? [assignable] declared in com.frommetoyou.core.util.AutoSizeTextKt.AutoSizeText-XFPS4yU$default' type=kotlin.Unit origin=EQ
          CONST Null type=kotlin.Nothing? value=null
    WHEN type=kotlin.Unit origin=null
      BRANCH
        if: CALL 'public final fun not (): kotlin.Boolean [operator] declared in kotlin.Boolean' type=kotlin.Boolean origin=EXCLEQ
          $this: CALL 'public final fun EQEQ (arg0: kotlin.Any?, arg1: kotlin.Any?): kotlin.Boolean declared in kotlin.internal.ir' type=kotlin.Boolean origin=EXCLEQ
            arg0: CALL 'public final fun and (other: kotlin.Int): kotlin.Int [infix] declared in kotlin.Int' type=kotlin.Int origin=null
              $this: GET_VAR '$mask0: kotlin.Int declared in com.frommetoyou.core.util.AutoSizeTextKt.AutoSizeText-XFPS4yU$default' type=kotlin.Int origin=null
              other: CONST Int type=kotlin.Int value=8192
            arg1: CONST Int type=kotlin.Int value=0
        then: SET_VAR 'alignment: androidx.compose.ui.Alignment? [assignable] declared in com.frommetoyou.core.util.AutoSizeTextKt.AutoSizeText-XFPS4yU$default' type=kotlin.Unit origin=EQ
          CALL 'public final fun <get-TopStart> (): androidx.compose.ui.Alignment declared in androidx.compose.ui.Alignment.Companion' type=androidx.compose.ui.Alignment origin=GET_PROPERTY
            $this: GET_FIELD 'FIELD FIELD_FOR_OBJECT_INSTANCE name:Companion type:androidx.compose.ui.Alignment.Companion visibility:public [final,static] declared in androidx.compose.ui.Alignment' type=androidx.compose.ui.Alignment.Companion origin=null
    WHEN type=kotlin.Unit origin=null
      BRANCH
        if: CALL 'public final fun not (): kotlin.Boolean [operator] declared in kotlin.Boolean' type=kotlin.Boolean origin=EXCLEQ
          $this: CALL 'public final fun EQEQ (arg0: kotlin.Any?, arg1: kotlin.Any?): kotlin.Boolean declared in kotlin.internal.ir' type=kotlin.Boolean origin=EXCLEQ
            arg0: CALL 'public final fun and (other: kotlin.Int): kotlin.Int [infix] declared in kotlin.Int' type=kotlin.Int origin=null
              $this: GET_VAR '$mask0: kotlin.Int declared in com.frommetoyou.core.util.AutoSizeTextKt.AutoSizeText-XFPS4yU$default' type=kotlin.Int origin=null
              other: CONST Int type=kotlin.Int value=16384
            arg1: CONST Int type=kotlin.Int value=0
        then: SET_VAR 'overflow: androidx.compose.ui.text.style.TextOverflow [assignable] declared in com.frommetoyou.core.util.AutoSizeTextKt.AutoSizeText-XFPS4yU$default' type=kotlin.Unit origin=EQ
          CALL 'public final fun getClip-gIe3tQ8 (): androidx.compose.ui.text.style.TextOverflow declared in androidx.compose.ui.text.style.TextOverflow.Companion' type=androidx.compose.ui.text.style.TextOverflow origin=GET_PROPERTY
            $this: GET_FIELD 'FIELD FIELD_FOR_OBJECT_INSTANCE name:Companion type:androidx.compose.ui.text.style.TextOverflow.Companion visibility:public [final,static] declared in androidx.compose.ui.text.style.TextOverflow' type=androidx.compose.ui.text.style.TextOverflow.Companion origin=null
    WHEN type=kotlin.Unit origin=null
      BRANCH
        if: CALL 'public final fun not (): kotlin.Boolean [operator] declared in kotlin.Boolean' type=kotlin.Boolean origin=EXCLEQ
          $this: CALL 'public final fun EQEQ (arg0: kotlin.Any?, arg1: kotlin.Any?): kotlin.Boolean declared in kotlin.internal.ir' type=kotlin.Boolean origin=EXCLEQ
            arg0: CALL 'public final fun and (other: kotlin.Int): kotlin.Int [infix] declared in kotlin.Int' type=kotlin.Int origin=null
              $this: GET_VAR '$mask0: kotlin.Int declared in com.frommetoyou.core.util.AutoSizeTextKt.AutoSizeText-XFPS4yU$default' type=kotlin.Int origin=null
              other: CONST Int type=kotlin.Int value=32768
            arg1: CONST Int type=kotlin.Int value=0
        then: SET_VAR 'softWrap: kotlin.Boolean [assignable] declared in com.frommetoyou.core.util.AutoSizeTextKt.AutoSizeText-XFPS4yU$default' type=kotlin.Unit origin=EQ
          CONST Boolean type=kotlin.Boolean value=true
    WHEN type=kotlin.Unit origin=null
      BRANCH
        if: CALL 'public final fun not (): kotlin.Boolean [operator] declared in kotlin.Boolean' type=kotlin.Boolean origin=EXCLEQ
          $this: CALL 'public final fun EQEQ (arg0: kotlin.Any?, arg1: kotlin.Any?): kotlin.Boolean declared in kotlin.internal.ir' type=kotlin.Boolean origin=EXCLEQ
            arg0: CALL 'public final fun and (other: kotlin.Int): kotlin.Int [infix] declared in kotlin.Int' type=kotlin.Int origin=null
              $this: GET_VAR '$mask0: kotlin.Int declared in com.frommetoyou.core.util.AutoSizeTextKt.AutoSizeText-XFPS4yU$default' type=kotlin.Int origin=null
              other: CONST Int type=kotlin.Int value=65536
            arg1: CONST Int type=kotlin.Int value=0
        then: SET_VAR 'maxLines: kotlin.Int [assignable] declared in com.frommetoyou.core.util.AutoSizeTextKt.AutoSizeText-XFPS4yU$default' type=kotlin.Unit origin=EQ
          CONST Int type=kotlin.Int value=2147483647
    WHEN type=kotlin.Unit origin=null
      BRANCH
        if: CALL 'public final fun not (): kotlin.Boolean [operator] declared in kotlin.Boolean' type=kotlin.Boolean origin=EXCLEQ
          $this: CALL 'public final fun EQEQ (arg0: kotlin.Any?, arg1: kotlin.Any?): kotlin.Boolean declared in kotlin.internal.ir' type=kotlin.Boolean origin=EXCLEQ
            arg0: CALL 'public final fun and (other: kotlin.Int): kotlin.Int [infix] declared in kotlin.Int' type=kotlin.Int origin=null
              $this: GET_VAR '$mask0: kotlin.Int declared in com.frommetoyou.core.util.AutoSizeTextKt.AutoSizeText-XFPS4yU$default' type=kotlin.Int origin=null
              other: CONST Int type=kotlin.Int value=131072
            arg1: CONST Int type=kotlin.Int value=0
        then: SET_VAR 'minLines: kotlin.Int [assignable] declared in com.frommetoyou.core.util.AutoSizeTextKt.AutoSizeText-XFPS4yU$default' type=kotlin.Unit origin=EQ
          CONST Int type=kotlin.Int value=1
    WHEN type=kotlin.Unit origin=null
      BRANCH
        if: CALL 'public final fun not (): kotlin.Boolean [operator] declared in kotlin.Boolean' type=kotlin.Boolean origin=EXCLEQ
          $this: CALL 'public final fun EQEQ (arg0: kotlin.Any?, arg1: kotlin.Any?): kotlin.Boolean declared in kotlin.internal.ir' type=kotlin.Boolean origin=EXCLEQ
            arg0: CALL 'public final fun and (other: kotlin.Int): kotlin.Int [infix] declared in kotlin.Int' type=kotlin.Int origin=null
              $this: GET_VAR '$mask0: kotlin.Int declared in com.frommetoyou.core.util.AutoSizeTextKt.AutoSizeText-XFPS4yU$default' type=kotlin.Int origin=null
              other: CONST Int type=kotlin.Int value=262144
            arg1: CONST Int type=kotlin.Int value=0
        then: SET_VAR 'onTextLayout: kotlin.Function1<androidx.compose.ui.text.TextLayoutResult, kotlin.Unit>? [assignable] declared in com.frommetoyou.core.util.AutoSizeTextKt.AutoSizeText-XFPS4yU$default' type=kotlin.Unit origin=EQ
          BLOCK type=kotlin.Function1<androidx.compose.ui.text.TextLayoutResult, kotlin.Unit> origin=LAMBDA
            COMPOSITE type=kotlin.Unit origin=null
            CALL 'public final fun <jvm-indy> <T> (dynamicCall: T of kotlin.jvm.internal.<jvm-indy>, bootstrapMethodHandle: kotlin.Any, vararg bootstrapMethodArguments: kotlin.Any): T of kotlin.jvm.internal.<jvm-indy> declared in kotlin.jvm.internal' type=kotlin.Function1<androidx.compose.ui.text.TextLayoutResult, kotlin.Unit> origin=null
              <T>: kotlin.Function1<androidx.compose.ui.text.TextLayoutResult, kotlin.Unit>
              dynamicCall: CALL 'public final fun invoke (): kotlin.Function1<androidx.compose.ui.text.TextLayoutResult, kotlin.Unit> declared in kotlin.jvm.internal.invokeDynamic' type=kotlin.Function1<androidx.compose.ui.text.TextLayoutResult, kotlin.Unit> origin=null
              bootstrapMethodHandle: CALL 'public final fun <jvm-method-handle> (tag: kotlin.Int, owner: kotlin.String, name: kotlin.String, descriptor: kotlin.String, isInterface: kotlin.Boolean): kotlin.Any declared in kotlin.jvm.internal' type=kotlin.Any origin=null
                tag: CONST Int type=kotlin.Int value=6
                owner: CONST String type=kotlin.String value="java/lang/invoke/LambdaMetafactory"
                name: CONST String type=kotlin.String value="metafactory"
                descriptor: CONST String type=kotlin.String value="(Ljava/lang/invoke/MethodHandles$Lookup;Ljava/lang/String;Ljava/lang/invoke/MethodType;Ljava/lang/invoke/MethodType;Ljava/lang/invoke/MethodHandle;Ljava/lang/invoke/MethodType;)Ljava/lang/invoke/CallSite;"
                isInterface: CONST Boolean type=kotlin.Boolean value=false
              bootstrapMethodArguments: VARARG type=kotlin.Array<kotlin.Any> varargElementType=kotlin.Any
                CALL 'public final fun <jvm-original-method-type> (method: kotlin.Any): kotlin.Any declared in kotlin.jvm.internal' type=kotlin.Any origin=null
                  method: RAW_FUNCTION_REFERENCE 'public abstract fun invoke (p1: P1 of kotlin.Function1): R of kotlin.Function1 [operator] declared in kotlin.Function1' type=kotlin.Any
                RAW_FUNCTION_REFERENCE 'private final fun AutoSizeText_XFPS4yU$lambda$0 (it: androidx.compose.ui.text.TextLayoutResult): kotlin.Unit? declared in com.frommetoyou.core.util.AutoSizeTextKt' type=kotlin.Any
                CALL 'public final fun <jvm-original-method-type> (method: kotlin.Any): kotlin.Any declared in kotlin.jvm.internal' type=kotlin.Any origin=null
                  method: RAW_FUNCTION_REFERENCE 'public abstract fun invoke (p1: androidx.compose.ui.text.TextLayoutResult): kotlin.Unit? [fake_override,operator] declared in kotlin.jvm.internal.invokeDynamic.<fake>' type=kotlin.Any
    WHEN type=kotlin.Unit origin=null
      BRANCH
        if: CALL 'public final fun not (): kotlin.Boolean [operator] declared in kotlin.Boolean' type=kotlin.Boolean origin=EXCLEQ
          $this: CALL 'public final fun EQEQ (arg0: kotlin.Any?, arg1: kotlin.Any?): kotlin.Boolean declared in kotlin.internal.ir' type=kotlin.Boolean origin=EXCLEQ
            arg0: CALL 'public final fun and (other: kotlin.Int): kotlin.Int [infix] declared in kotlin.Int' type=kotlin.Int origin=null
              $this: GET_VAR '$mask0: kotlin.Int declared in com.frommetoyou.core.util.AutoSizeTextKt.AutoSizeText-XFPS4yU$default' type=kotlin.Int origin=null
              other: CONST Int type=kotlin.Int value=524288
            arg1: CONST Int type=kotlin.Int value=0
        then: SET_VAR 'style: androidx.compose.ui.text.TextStyle? [assignable] declared in com.frommetoyou.core.util.AutoSizeTextKt.AutoSizeText-XFPS4yU$default' type=kotlin.Unit origin=EQ
          CALL 'public final fun <get-current> (): T of androidx.compose.runtime.CompositionLocal [inline] declared in androidx.compose.runtime.CompositionLocal' type=androidx.compose.ui.text.TextStyle origin=GET_PROPERTY
            $this: TYPE_OP type=androidx.compose.runtime.CompositionLocal<T of androidx.compose.runtime.CompositionLocal> origin=IMPLICIT_CAST typeOperand=androidx.compose.runtime.CompositionLocal<T of androidx.compose.runtime.CompositionLocal>
              CALL 'public final fun <get-LocalTextStyle> (): androidx.compose.runtime.ProvidableCompositionLocal<androidx.compose.ui.text.TextStyle> declared in androidx.compose.material3.TextKt' type=androidx.compose.runtime.ProvidableCompositionLocal<androidx.compose.ui.text.TextStyle> origin=GET_PROPERTY
    WHEN type=kotlin.Unit origin=null
      BRANCH
        if: CALL 'public final fun not (): kotlin.Boolean [operator] declared in kotlin.Boolean' type=kotlin.Boolean origin=EXCLEQ
          $this: CALL 'public final fun EQEQ (arg0: kotlin.Any?, arg1: kotlin.Any?): kotlin.Boolean declared in kotlin.internal.ir' type=kotlin.Boolean origin=EXCLEQ
            arg0: CALL 'public final fun and (other: kotlin.Int): kotlin.Int [infix] declared in kotlin.Int' type=kotlin.Int origin=null
              $this: GET_VAR '$mask0: kotlin.Int declared in com.frommetoyou.core.util.AutoSizeTextKt.AutoSizeText-XFPS4yU$default' type=kotlin.Int origin=null
              other: CONST Int type=kotlin.Int value=1048576
            arg1: CONST Int type=kotlin.Int value=0
        then: SET_VAR 'lineSpaceRatio: kotlin.Float [assignable] declared in com.frommetoyou.core.util.AutoSizeTextKt.AutoSizeText-XFPS4yU$default' type=kotlin.Unit origin=EQ
          CALL 'public final fun div (other: kotlin.Float): kotlin.Float [operator] declared in kotlin.Float' type=kotlin.Float origin=DIV
            $this: CALL 'public final fun getValue-impl (arg0: androidx.compose.ui.unit.TextUnit): kotlin.Float declared in androidx.compose.ui.unit.TextUnit' type=kotlin.Float origin=GET_PROPERTY
              arg0: CALL 'public final fun getLineHeight-XSAIIZE (): androidx.compose.ui.unit.TextUnit declared in androidx.compose.ui.text.TextStyle' type=androidx.compose.ui.unit.TextUnit origin=GET_PROPERTY
                $this: GET_VAR 'style: androidx.compose.ui.text.TextStyle? [assignable] declared in com.frommetoyou.core.util.AutoSizeTextKt.AutoSizeText-XFPS4yU$default' type=androidx.compose.ui.text.TextStyle? origin=null
            other: CALL 'public final fun getValue-impl (arg0: androidx.compose.ui.unit.TextUnit): kotlin.Float declared in androidx.compose.ui.unit.TextUnit' type=kotlin.Float origin=GET_PROPERTY
              arg0: CALL 'public final fun getFontSize-XSAIIZE (): androidx.compose.ui.unit.TextUnit declared in androidx.compose.ui.text.TextStyle' type=androidx.compose.ui.unit.TextUnit origin=GET_PROPERTY
                $this: GET_VAR 'style: androidx.compose.ui.text.TextStyle? [assignable] declared in com.frommetoyou.core.util.AutoSizeTextKt.AutoSizeText-XFPS4yU$default' type=androidx.compose.ui.text.TextStyle? origin=null
    RETURN type=kotlin.Nothing from='public final fun AutoSizeText-XFPS4yU$default (text: kotlin.String, modifier: androidx.compose.ui.Modifier?, color: androidx.compose.ui.graphics.Color, suggestedFontSizes: kotlin.collections.List<androidx.compose.ui.unit.TextUnit>?, suggestedFontSizesStatus: com.frommetoyou.core.util.SuggestedFontSizesStatus?, stepGranularityTextSize: androidx.compose.ui.unit.TextUnit, minTextSize: androidx.compose.ui.unit.TextUnit, maxTextSize: androidx.compose.ui.unit.TextUnit, fontStyle: androidx.compose.ui.text.font.FontStyle?, fontWeight: androidx.compose.ui.text.font.FontWeight?, fontFamily: androidx.compose.ui.text.font.FontFamily?, letterSpacing: androidx.compose.ui.unit.TextUnit, textDecoration: androidx.compose.ui.text.style.TextDecoration?, alignment: androidx.compose.ui.Alignment?, overflow: androidx.compose.ui.text.style.TextOverflow, softWrap: kotlin.Boolean, maxLines: kotlin.Int, minLines: kotlin.Int, onTextLayout: kotlin.Function1<androidx.compose.ui.text.TextLayoutResult, kotlin.Unit>?, style: androidx.compose.ui.text.TextStyle?, lineSpaceRatio: kotlin.Float, $mask0: kotlin.Int, $handler: kotlin.Any?): kotlin.Unit declared in com.frommetoyou.core.util.AutoSizeTextKt'
      CALL 'public final fun AutoSizeText-XFPS4yU (text: kotlin.String, modifier: androidx.compose.ui.Modifier, color: androidx.compose.ui.graphics.Color, suggestedFontSizes: kotlin.collections.List<androidx.compose.ui.unit.TextUnit>, suggestedFontSizesStatus: com.frommetoyou.core.util.SuggestedFontSizesStatus, stepGranularityTextSize: androidx.compose.ui.unit.TextUnit, minTextSize: androidx.compose.ui.unit.TextUnit, maxTextSize: androidx.compose.ui.unit.TextUnit, fontStyle: androidx.compose.ui.text.font.FontStyle?, fontWeight: androidx.compose.ui.text.font.FontWeight?, fontFamily: androidx.compose.ui.text.font.FontFamily?, letterSpacing: androidx.compose.ui.unit.TextUnit, textDecoration: androidx.compose.ui.text.style.TextDecoration?, alignment: androidx.compose.ui.Alignment, overflow: androidx.compose.ui.text.style.TextOverflow, softWrap: kotlin.Boolean, maxLines: kotlin.Int, minLines: kotlin.Int, onTextLayout: kotlin.Function1<androidx.compose.ui.text.TextLayoutResult, kotlin.Unit>, style: androidx.compose.ui.text.TextStyle, lineSpaceRatio: kotlin.Float): kotlin.Unit declared in com.frommetoyou.core.util.AutoSizeTextKt' type=kotlin.Unit origin=DEFAULT_STUB_CALL_TO_IMPLEMENTATION
        text: GET_VAR 'text: kotlin.String declared in com.frommetoyou.core.util.AutoSizeTextKt.AutoSizeText-XFPS4yU$default' type=kotlin.String origin=null
        modifier: TYPE_OP type=androidx.compose.ui.Modifier origin=IMPLICIT_CAST typeOperand=androidx.compose.ui.Modifier
          GET_VAR 'modifier: androidx.compose.ui.Modifier? [assignable] declared in com.frommetoyou.core.util.AutoSizeTextKt.AutoSizeText-XFPS4yU$default' type=androidx.compose.ui.Modifier? origin=null
        color: GET_VAR 'color: androidx.compose.ui.graphics.Color [assignable] declared in com.frommetoyou.core.util.AutoSizeTextKt.AutoSizeText-XFPS4yU$default' type=androidx.compose.ui.graphics.Color origin=null
        suggestedFontSizes: TYPE_OP type=kotlin.collections.List<androidx.compose.ui.unit.TextUnit> origin=IMPLICIT_CAST typeOperand=kotlin.collections.List<androidx.compose.ui.unit.TextUnit>
          GET_VAR 'suggestedFontSizes: kotlin.collections.List<androidx.compose.ui.unit.TextUnit>? [assignable] declared in com.frommetoyou.core.util.AutoSizeTextKt.AutoSizeText-XFPS4yU$default' type=kotlin.collections.List<androidx.compose.ui.unit.TextUnit>? origin=null
        suggestedFontSizesStatus: TYPE_OP type=com.frommetoyou.core.util.SuggestedFontSizesStatus origin=IMPLICIT_CAST typeOperand=com.frommetoyou.core.util.SuggestedFontSizesStatus
          GET_VAR 'suggestedFontSizesStatus: com.frommetoyou.core.util.SuggestedFontSizesStatus? [assignable] declared in com.frommetoyou.core.util.AutoSizeTextKt.AutoSizeText-XFPS4yU$default' type=com.frommetoyou.core.util.SuggestedFontSizesStatus? origin=null
        stepGranularityTextSize: GET_VAR 'stepGranularityTextSize: androidx.compose.ui.unit.TextUnit [assignable] declared in com.frommetoyou.core.util.AutoSizeTextKt.AutoSizeText-XFPS4yU$default' type=androidx.compose.ui.unit.TextUnit origin=null
        minTextSize: GET_VAR 'minTextSize: androidx.compose.ui.unit.TextUnit [assignable] declared in com.frommetoyou.core.util.AutoSizeTextKt.AutoSizeText-XFPS4yU$default' type=androidx.compose.ui.unit.TextUnit origin=null
        maxTextSize: GET_VAR 'maxTextSize: androidx.compose.ui.unit.TextUnit [assignable] declared in com.frommetoyou.core.util.AutoSizeTextKt.AutoSizeText-XFPS4yU$default' type=androidx.compose.ui.unit.TextUnit origin=null
        fontStyle: GET_VAR 'fontStyle: androidx.compose.ui.text.font.FontStyle? [assignable] declared in com.frommetoyou.core.util.AutoSizeTextKt.AutoSizeText-XFPS4yU$default' type=androidx.compose.ui.text.font.FontStyle? origin=null
        fontWeight: GET_VAR 'fontWeight: androidx.compose.ui.text.font.FontWeight? [assignable] declared in com.frommetoyou.core.util.AutoSizeTextKt.AutoSizeText-XFPS4yU$default' type=androidx.compose.ui.text.font.FontWeight? origin=null
        fontFamily: GET_VAR 'fontFamily: androidx.compose.ui.text.font.FontFamily? [assignable] declared in com.frommetoyou.core.util.AutoSizeTextKt.AutoSizeText-XFPS4yU$default' type=androidx.compose.ui.text.font.FontFamily? origin=null
        letterSpacing: GET_VAR 'letterSpacing: androidx.compose.ui.unit.TextUnit [assignable] declared in com.frommetoyou.core.util.AutoSizeTextKt.AutoSizeText-XFPS4yU$default' type=androidx.compose.ui.unit.TextUnit origin=null
        textDecoration: GET_VAR 'textDecoration: androidx.compose.ui.text.style.TextDecoration? [assignable] declared in com.frommetoyou.core.util.AutoSizeTextKt.AutoSizeText-XFPS4yU$default' type=androidx.compose.ui.text.style.TextDecoration? origin=null
        alignment: TYPE_OP type=androidx.compose.ui.Alignment origin=IMPLICIT_CAST typeOperand=androidx.compose.ui.Alignment
          GET_VAR 'alignment: androidx.compose.ui.Alignment? [assignable] declared in com.frommetoyou.core.util.AutoSizeTextKt.AutoSizeText-XFPS4yU$default' type=androidx.compose.ui.Alignment? origin=null
        overflow: GET_VAR 'overflow: androidx.compose.ui.text.style.TextOverflow [assignable] declared in com.frommetoyou.core.util.AutoSizeTextKt.AutoSizeText-XFPS4yU$default' type=androidx.compose.ui.text.style.TextOverflow origin=null
        softWrap: GET_VAR 'softWrap: kotlin.Boolean [assignable] declared in com.frommetoyou.core.util.AutoSizeTextKt.AutoSizeText-XFPS4yU$default' type=kotlin.Boolean origin=null
        maxLines: GET_VAR 'maxLines: kotlin.Int [assignable] declared in com.frommetoyou.core.util.AutoSizeTextKt.AutoSizeText-XFPS4yU$default' type=kotlin.Int origin=null
        minLines: GET_VAR 'minLines: kotlin.Int [assignable] declared in com.frommetoyou.core.util.AutoSizeTextKt.AutoSizeText-XFPS4yU$default' type=kotlin.Int origin=null
        onTextLayout: TYPE_OP type=kotlin.Function1<androidx.compose.ui.text.TextLayoutResult, kotlin.Unit> origin=IMPLICIT_CAST typeOperand=kotlin.Function1<androidx.compose.ui.text.TextLayoutResult, kotlin.Unit>
          GET_VAR 'onTextLayout: kotlin.Function1<androidx.compose.ui.text.TextLayoutResult, kotlin.Unit>? [assignable] declared in com.frommetoyou.core.util.AutoSizeTextKt.AutoSizeText-XFPS4yU$default' type=kotlin.Function1<androidx.compose.ui.text.TextLayoutResult, kotlin.Unit>? origin=null
        style: TYPE_OP type=androidx.compose.ui.text.TextStyle origin=IMPLICIT_CAST typeOperand=androidx.compose.ui.text.TextStyle
          GET_VAR 'style: androidx.compose.ui.text.TextStyle? [assignable] declared in com.frommetoyou.core.util.AutoSizeTextKt.AutoSizeText-XFPS4yU$default' type=androidx.compose.ui.text.TextStyle? origin=null
        lineSpaceRatio: GET_VAR 'lineSpaceRatio: kotlin.Float [assignable] declared in com.frommetoyou.core.util.AutoSizeTextKt.AutoSizeText-XFPS4yU$default' type=kotlin.Float origin=null

	at org.jetbrains.kotlin.backend.jvm.codegen.FunctionCodegen.generate(FunctionCodegen.kt:47)
	at org.jetbrains.kotlin.backend.jvm.codegen.FunctionCodegen.generate$default(FunctionCodegen.kt:40)
	at org.jetbrains.kotlin.backend.jvm.codegen.ClassCodegen.generateMethodNode(ClassCodegen.kt:406)
	at org.jetbrains.kotlin.backend.jvm.codegen.ClassCodegen.generateMethod(ClassCodegen.kt:423)
	at org.jetbrains.kotlin.backend.jvm.codegen.ClassCodegen.generate(ClassCodegen.kt:168)
	at org.jetbrains.kotlin.backend.jvm.FileCodegen.lower(JvmPhases.kt:39)
	at org.jetbrains.kotlin.backend.common.phaser.PhaseFactoriesKt.createFilePhase$lambda$4(PhaseFactories.kt:71)
	at org.jetbrains.kotlin.backend.common.phaser.PhaseBuildersKt$createSimpleNamedCompilerPhase$1.phaseBody(PhaseBuilders.kt:69)
	at org.jetbrains.kotlin.backend.common.phaser.SimpleNamedCompilerPhase.phaseBody(CompilerPhase.kt:226)
	at org.jetbrains.kotlin.backend.common.phaser.AbstractNamedCompilerPhase.invoke(CompilerPhase.kt:113)
	at org.jetbrains.kotlin.backend.common.phaser.PerformByIrFilePhase.invokeSequential(performByIrFile.kt:62)
	... 43 more
Caused by: org.jetbrains.kotlin.codegen.CompilationException: Back-end (JVM) Internal error: Couldn't inline method call: CALL 'public final fun <get-current> (): T of androidx.compose.runtime.CompositionLocal [inline] declared in androidx.compose.runtime.CompositionLocal' type=androidx.compose.ui.text.TextStyle origin=GET_PROPERTY
Method: null
File is unknown
The root cause java.lang.IllegalStateException was thrown at: org.jetbrains.kotlin.codegen.inline.SourceCompilerForInlineKt.getMethodNode(SourceCompilerForInline.kt:118)
	at org.jetbrains.kotlin.codegen.inline.InlineCodegen.performInline(InlineCodegen.kt:65)
	at org.jetbrains.kotlin.backend.jvm.codegen.IrInlineCodegen.genInlineCall(IrInlineCodegen.kt:163)
	at org.jetbrains.kotlin.backend.jvm.codegen.IrInlineCallGenerator.genCall(IrInlineCallGenerator.kt:36)
	at org.jetbrains.kotlin.backend.jvm.codegen.ExpressionCodegen.visitCall(ExpressionCodegen.kt:653)
	at org.jetbrains.kotlin.backend.jvm.codegen.ExpressionCodegen.visitCall(ExpressionCodegen.kt:138)
	at org.jetbrains.kotlin.ir.expressions.IrCall.accept(IrCall.kt:24)
	at org.jetbrains.kotlin.backend.jvm.codegen.ExpressionCodegen.visitSetValue(ExpressionCodegen.kt:935)
	at org.jetbrains.kotlin.backend.jvm.codegen.ExpressionCodegen.visitSetValue(ExpressionCodegen.kt:138)
	at org.jetbrains.kotlin.ir.expressions.IrSetValue.accept(IrSetValue.kt:21)
	at org.jetbrains.kotlin.backend.jvm.codegen.ExpressionCodegen.visitWhen(ExpressionCodegen.kt:1101)
	at org.jetbrains.kotlin.backend.jvm.codegen.ExpressionCodegen.visitWhen(ExpressionCodegen.kt:138)
	at org.jetbrains.kotlin.ir.expressions.IrWhen.accept(IrWhen.kt:24)
	at org.jetbrains.kotlin.backend.jvm.codegen.ExpressionCodegen.visitStatementContainer(ExpressionCodegen.kt:579)
	at org.jetbrains.kotlin.backend.jvm.codegen.ExpressionCodegen.visitBlockBody(ExpressionCodegen.kt:584)
	at org.jetbrains.kotlin.backend.jvm.codegen.ExpressionCodegen.visitBlockBody(ExpressionCodegen.kt:138)
	at org.jetbrains.kotlin.ir.expressions.IrBlockBody.accept(IrBlockBody.kt:20)
	at org.jetbrains.kotlin.backend.jvm.codegen.ExpressionCodegen.generate(ExpressionCodegen.kt:240)
	at org.jetbrains.kotlin.backend.jvm.codegen.FunctionCodegen.doGenerate(FunctionCodegen.kt:123)
	at org.jetbrains.kotlin.backend.jvm.codegen.FunctionCodegen.generate(FunctionCodegen.kt:44)
	... 53 more
Caused by: java.lang.IllegalStateException: couldn't find inline method Landroidx/compose/runtime/CompositionLocal;.getCurrent()Ljava/lang/Object;
	at org.jetbrains.kotlin.codegen.inline.SourceCompilerForInlineKt.getMethodNode(SourceCompilerForInline.kt:118)
	at org.jetbrains.kotlin.codegen.inline.SourceCompilerForInlineKt.loadCompiledInlineFunction(SourceCompilerForInline.kt:96)
	at org.jetbrains.kotlin.backend.jvm.codegen.IrSourceCompilerForInline.compileInlineFunction(IrSourceCompilerForInline.kt:91)
	at org.jetbrains.kotlin.codegen.inline.InlineCodegen.compileInline(InlineCodegen.kt:43)
	at org.jetbrains.kotlin.codegen.inline.InlineCodegen.performInline(InlineCodegen.kt:51)
	... 71 more


